2020-09-01 15:29:01.881 [main] INFO  org.lsy.learn.security.SecurityApplication - Starting SecurityApplication on DESKTOP-VI286HH with PID 15800 (D:\learnProject\security\build\classes\java\main started by 18692 in D:\learnProject\security)
2020-09-01 15:29:01.883 [main] INFO  org.lsy.learn.security.SecurityApplication - The following profiles are active: dev
2020-09-01 15:29:02.415 [main] INFO  o.s.d.r.config.RepositoryConfigurationDelegate - Multiple Spring Data modules found, entering strict repository configuration mode!
2020-09-01 15:29:02.417 [main] INFO  o.s.d.r.config.RepositoryConfigurationDelegate - Bootstrapping Spring Data Redis repositories in DEFAULT mode.
2020-09-01 15:29:02.451 [main] INFO  o.s.d.r.config.RepositoryConfigurationDelegate - Finished Spring Data repository scanning in 22ms. Found 0 Redis repository interfaces.
2020-09-01 15:29:02.673 [main] INFO  o.s.c.s.PostProcessorRegistrationDelegate$BeanPostProcessorChecker - Bean 'org.springframework.security.access.expression.method.DefaultMethodSecurityExpressionHandler@9596ce8' of type [org.springframework.security.access.expression.method.DefaultMethodSecurityExpressionHandler] is not eligible for getting processed by all BeanPostProcessors (for example: not eligible for auto-proxying)
2020-09-01 15:29:02.677 [main] INFO  o.s.c.s.PostProcessorRegistrationDelegate$BeanPostProcessorChecker - Bean 'methodSecurityMetadataSource' of type [org.springframework.security.access.method.DelegatingMethodSecurityMetadataSource] is not eligible for getting processed by all BeanPostProcessors (for example: not eligible for auto-proxying)
2020-09-01 15:29:02.870 [main] INFO  o.s.boot.web.embedded.tomcat.TomcatWebServer - Tomcat initialized with port(s): 8050 (http)
2020-09-01 15:29:02.878 [main] INFO  org.apache.coyote.http11.Http11NioProtocol - Initializing ProtocolHandler ["http-nio-8050"]
2020-09-01 15:29:02.878 [main] INFO  org.apache.catalina.core.StandardService - Starting service [Tomcat]
2020-09-01 15:29:02.879 [main] INFO  org.apache.catalina.core.StandardEngine - Starting Servlet engine: [Apache Tomcat/9.0.37]
2020-09-01 15:29:02.954 [main] INFO  o.a.c.c.C.[Tomcat].[localhost].[/learn] - Initializing Spring embedded WebApplicationContext
2020-09-01 15:29:02.955 [main] INFO  o.s.b.w.s.c.ServletWebServerApplicationContext - Root WebApplicationContext: initialization completed in 1034 ms
2020-09-01 15:29:04.305 [main] INFO  org.springframework.aop.framework.CglibAopProxy - Unable to proxy interface-implementing method [public final void org.springframework.web.filter.GenericFilterBean.init(javax.servlet.FilterConfig) throws javax.servlet.ServletException] because it is marked as final: Consider using interface-based JDK proxies instead!
2020-09-01 15:29:04.674 [main] INFO  o.s.security.web.DefaultSecurityFilterChain - Creating filter chain: any request, [org.springframework.security.web.context.request.async.WebAsyncManagerIntegrationFilter@1f949ab9, org.springframework.security.web.context.SecurityContextPersistenceFilter@3a4e524, org.springframework.security.web.header.HeaderWriterFilter@5f6494c0, org.springframework.security.web.authentication.logout.LogoutFilter@221ca495, org.lsy.learn.security.auth.filter.JwtTokenAuthenticationFilter@310b2b6f, org.lsy.learn.security.auth.filter.JwtUserAuthenticationFilter@48581a3b, org.springframework.security.web.savedrequest.RequestCacheAwareFilter@2dac2e1b, org.springframework.security.web.servletapi.SecurityContextHolderAwareRequestFilter@50f4b83d, org.springframework.security.web.authentication.AnonymousAuthenticationFilter@3a209918, org.springframework.security.web.session.SessionManagementFilter@4df7d9ee, org.springframework.security.web.access.ExceptionTranslationFilter@5dcf0772, org.springframework.security.web.access.intercept.FilterSecurityInterceptor@1815577b]
2020-09-01 15:29:04.740 [main] INFO  o.s.scheduling.concurrent.ThreadPoolTaskExecutor - Initializing ExecutorService 'applicationTaskExecutor'
2020-09-01 15:29:04.978 [main] INFO  org.apache.coyote.http11.Http11NioProtocol - Starting ProtocolHandler ["http-nio-8050"]
2020-09-01 15:29:04.995 [main] INFO  o.s.boot.web.embedded.tomcat.TomcatWebServer - Tomcat started on port(s): 8050 (http) with context path '/learn'
2020-09-01 15:29:05.003 [main] INFO  org.lsy.learn.security.SecurityApplication - Started SecurityApplication in 3.519 seconds (JVM running for 4.439)
2020-09-01 15:43:04.570 [SpringContextShutdownHook] INFO  o.s.scheduling.concurrent.ThreadPoolTaskExecutor - Shutting down ExecutorService 'applicationTaskExecutor'
2020-09-01 15:43:08.232 [main] INFO  org.lsy.learn.security.SecurityApplication - Starting SecurityApplication on DESKTOP-VI286HH with PID 10524 (D:\learnProject\security\build\classes\java\main started by 18692 in D:\learnProject\security)
2020-09-01 15:43:08.234 [main] INFO  org.lsy.learn.security.SecurityApplication - The following profiles are active: dev
2020-09-01 15:43:08.772 [main] INFO  o.s.d.r.config.RepositoryConfigurationDelegate - Multiple Spring Data modules found, entering strict repository configuration mode!
2020-09-01 15:43:08.774 [main] INFO  o.s.d.r.config.RepositoryConfigurationDelegate - Bootstrapping Spring Data Redis repositories in DEFAULT mode.
2020-09-01 15:43:08.808 [main] INFO  o.s.d.r.config.RepositoryConfigurationDelegate - Finished Spring Data repository scanning in 22ms. Found 0 Redis repository interfaces.
2020-09-01 15:43:09.042 [main] INFO  o.s.c.s.PostProcessorRegistrationDelegate$BeanPostProcessorChecker - Bean 'org.springframework.security.access.expression.method.DefaultMethodSecurityExpressionHandler@352c44a8' of type [org.springframework.security.access.expression.method.DefaultMethodSecurityExpressionHandler] is not eligible for getting processed by all BeanPostProcessors (for example: not eligible for auto-proxying)
2020-09-01 15:43:09.046 [main] INFO  o.s.c.s.PostProcessorRegistrationDelegate$BeanPostProcessorChecker - Bean 'methodSecurityMetadataSource' of type [org.springframework.security.access.method.DelegatingMethodSecurityMetadataSource] is not eligible for getting processed by all BeanPostProcessors (for example: not eligible for auto-proxying)
2020-09-01 15:43:09.237 [main] INFO  o.s.boot.web.embedded.tomcat.TomcatWebServer - Tomcat initialized with port(s): 8050 (http)
2020-09-01 15:43:09.244 [main] INFO  org.apache.coyote.http11.Http11NioProtocol - Initializing ProtocolHandler ["http-nio-8050"]
2020-09-01 15:43:09.245 [main] INFO  org.apache.catalina.core.StandardService - Starting service [Tomcat]
2020-09-01 15:43:09.245 [main] INFO  org.apache.catalina.core.StandardEngine - Starting Servlet engine: [Apache Tomcat/9.0.37]
2020-09-01 15:43:09.318 [main] INFO  o.a.c.c.C.[Tomcat].[localhost].[/learn] - Initializing Spring embedded WebApplicationContext
2020-09-01 15:43:09.318 [main] INFO  o.s.b.w.s.c.ServletWebServerApplicationContext - Root WebApplicationContext: initialization completed in 1045 ms
2020-09-01 15:43:10.683 [main] INFO  org.springframework.aop.framework.CglibAopProxy - Unable to proxy interface-implementing method [public final void org.springframework.web.filter.GenericFilterBean.init(javax.servlet.FilterConfig) throws javax.servlet.ServletException] because it is marked as final: Consider using interface-based JDK proxies instead!
2020-09-01 15:43:11.056 [main] INFO  o.s.security.web.DefaultSecurityFilterChain - Creating filter chain: any request, [org.springframework.security.web.context.request.async.WebAsyncManagerIntegrationFilter@71567f33, org.springframework.security.web.context.SecurityContextPersistenceFilter@5dcf0772, org.springframework.security.web.header.HeaderWriterFilter@446b64b3, org.springframework.security.web.authentication.logout.LogoutFilter@2cc75b25, org.lsy.learn.security.auth.filter.JwtTokenAuthenticationFilter@316cda31, org.lsy.learn.security.auth.filter.JwtUserAuthenticationFilter@489bc8fd, org.springframework.security.web.savedrequest.RequestCacheAwareFilter@5f6494c0, org.springframework.security.web.servletapi.SecurityContextHolderAwareRequestFilter@38c761e9, org.springframework.security.web.authentication.AnonymousAuthenticationFilter@5a7b6b75, org.springframework.security.web.session.SessionManagementFilter@56c0a61e, org.springframework.security.web.access.ExceptionTranslationFilter@57c69937, org.springframework.security.web.access.intercept.FilterSecurityInterceptor@7b8aebd0]
2020-09-01 15:43:11.123 [main] INFO  o.s.scheduling.concurrent.ThreadPoolTaskExecutor - Initializing ExecutorService 'applicationTaskExecutor'
2020-09-01 15:43:11.367 [main] INFO  org.apache.coyote.http11.Http11NioProtocol - Starting ProtocolHandler ["http-nio-8050"]
2020-09-01 15:43:11.384 [main] INFO  o.s.boot.web.embedded.tomcat.TomcatWebServer - Tomcat started on port(s): 8050 (http) with context path '/learn'
2020-09-01 15:43:11.392 [main] INFO  org.lsy.learn.security.SecurityApplication - Started SecurityApplication in 3.56 seconds (JVM running for 4.482)
2020-09-01 15:48:00.680 [SpringContextShutdownHook] INFO  o.s.scheduling.concurrent.ThreadPoolTaskExecutor - Shutting down ExecutorService 'applicationTaskExecutor'
2020-09-01 15:48:03.007 [main] INFO  org.lsy.learn.security.SecurityApplication - Starting SecurityApplication on DESKTOP-VI286HH with PID 22208 (D:\learnProject\security\build\classes\java\main started by 18692 in D:\learnProject\security)
2020-09-01 15:48:03.009 [main] INFO  org.lsy.learn.security.SecurityApplication - The following profiles are active: dev
2020-09-01 15:48:03.547 [main] INFO  o.s.d.r.config.RepositoryConfigurationDelegate - Multiple Spring Data modules found, entering strict repository configuration mode!
2020-09-01 15:48:03.549 [main] INFO  o.s.d.r.config.RepositoryConfigurationDelegate - Bootstrapping Spring Data Redis repositories in DEFAULT mode.
2020-09-01 15:48:03.583 [main] INFO  o.s.d.r.config.RepositoryConfigurationDelegate - Finished Spring Data repository scanning in 22ms. Found 0 Redis repository interfaces.
2020-09-01 15:48:03.811 [main] INFO  o.s.c.s.PostProcessorRegistrationDelegate$BeanPostProcessorChecker - Bean 'org.springframework.security.access.expression.method.DefaultMethodSecurityExpressionHandler@65b97f47' of type [org.springframework.security.access.expression.method.DefaultMethodSecurityExpressionHandler] is not eligible for getting processed by all BeanPostProcessors (for example: not eligible for auto-proxying)
2020-09-01 15:48:03.815 [main] INFO  o.s.c.s.PostProcessorRegistrationDelegate$BeanPostProcessorChecker - Bean 'methodSecurityMetadataSource' of type [org.springframework.security.access.method.DelegatingMethodSecurityMetadataSource] is not eligible for getting processed by all BeanPostProcessors (for example: not eligible for auto-proxying)
2020-09-01 15:48:04.012 [main] INFO  o.s.boot.web.embedded.tomcat.TomcatWebServer - Tomcat initialized with port(s): 8050 (http)
2020-09-01 15:48:04.020 [main] INFO  org.apache.coyote.http11.Http11NioProtocol - Initializing ProtocolHandler ["http-nio-8050"]
2020-09-01 15:48:04.020 [main] INFO  org.apache.catalina.core.StandardService - Starting service [Tomcat]
2020-09-01 15:48:04.020 [main] INFO  org.apache.catalina.core.StandardEngine - Starting Servlet engine: [Apache Tomcat/9.0.37]
2020-09-01 15:48:04.094 [main] INFO  o.a.c.c.C.[Tomcat].[localhost].[/learn] - Initializing Spring embedded WebApplicationContext
2020-09-01 15:48:04.094 [main] INFO  o.s.b.w.s.c.ServletWebServerApplicationContext - Root WebApplicationContext: initialization completed in 1047 ms
2020-09-01 15:48:05.444 [main] INFO  org.springframework.aop.framework.CglibAopProxy - Unable to proxy interface-implementing method [public final void org.springframework.web.filter.GenericFilterBean.init(javax.servlet.FilterConfig) throws javax.servlet.ServletException] because it is marked as final: Consider using interface-based JDK proxies instead!
2020-09-01 15:48:05.817 [main] INFO  o.s.security.web.DefaultSecurityFilterChain - Creating filter chain: any request, [org.springframework.security.web.context.request.async.WebAsyncManagerIntegrationFilter@55222ee9, org.springframework.security.web.context.SecurityContextPersistenceFilter@57c69937, org.springframework.security.web.header.HeaderWriterFilter@26d0ece6, org.springframework.security.web.authentication.logout.LogoutFilter@7cc2c551, org.lsy.learn.security.auth.filter.JwtTokenAuthenticationFilter@7e7743ec, org.lsy.learn.security.auth.filter.JwtUserAuthenticationFilter@52831a73, org.springframework.security.web.savedrequest.RequestCacheAwareFilter@446b64b3, org.springframework.security.web.servletapi.SecurityContextHolderAwareRequestFilter@6826b70f, org.springframework.security.web.authentication.AnonymousAuthenticationFilter@71369e1a, org.springframework.security.web.session.SessionManagementFilter@4ae280da, org.springframework.security.web.access.ExceptionTranslationFilter@3b6c2be6, org.springframework.security.web.access.intercept.FilterSecurityInterceptor@539fc5d1]
2020-09-01 15:48:05.884 [main] INFO  o.s.scheduling.concurrent.ThreadPoolTaskExecutor - Initializing ExecutorService 'applicationTaskExecutor'
2020-09-01 15:48:06.130 [main] INFO  org.apache.coyote.http11.Http11NioProtocol - Starting ProtocolHandler ["http-nio-8050"]
2020-09-01 15:48:06.147 [main] INFO  o.s.boot.web.embedded.tomcat.TomcatWebServer - Tomcat started on port(s): 8050 (http) with context path '/learn'
2020-09-01 15:48:06.155 [main] INFO  org.lsy.learn.security.SecurityApplication - Started SecurityApplication in 3.548 seconds (JVM running for 4.474)
2020-09-01 15:48:41.034 [SpringContextShutdownHook] INFO  o.s.scheduling.concurrent.ThreadPoolTaskExecutor - Shutting down ExecutorService 'applicationTaskExecutor'
2020-09-01 15:48:43.455 [main] INFO  org.lsy.learn.security.SecurityApplication - Starting SecurityApplication on DESKTOP-VI286HH with PID 22116 (D:\learnProject\security\build\classes\java\main started by 18692 in D:\learnProject\security)
2020-09-01 15:48:43.457 [main] INFO  org.lsy.learn.security.SecurityApplication - No active profile set, falling back to default profiles: default
2020-09-01 15:48:44.056 [main] INFO  o.s.d.r.config.RepositoryConfigurationDelegate - Multiple Spring Data modules found, entering strict repository configuration mode!
2020-09-01 15:48:44.058 [main] INFO  o.s.d.r.config.RepositoryConfigurationDelegate - Bootstrapping Spring Data Redis repositories in DEFAULT mode.
2020-09-01 15:48:44.092 [main] INFO  o.s.d.r.config.RepositoryConfigurationDelegate - Finished Spring Data repository scanning in 22ms. Found 0 Redis repository interfaces.
2020-09-01 15:48:44.314 [main] INFO  o.s.c.s.PostProcessorRegistrationDelegate$BeanPostProcessorChecker - Bean 'org.springframework.security.access.expression.method.DefaultMethodSecurityExpressionHandler@2f236de0' of type [org.springframework.security.access.expression.method.DefaultMethodSecurityExpressionHandler] is not eligible for getting processed by all BeanPostProcessors (for example: not eligible for auto-proxying)
2020-09-01 15:48:44.318 [main] INFO  o.s.c.s.PostProcessorRegistrationDelegate$BeanPostProcessorChecker - Bean 'methodSecurityMetadataSource' of type [org.springframework.security.access.method.DelegatingMethodSecurityMetadataSource] is not eligible for getting processed by all BeanPostProcessors (for example: not eligible for auto-proxying)
2020-09-01 15:48:44.505 [main] INFO  o.s.boot.web.embedded.tomcat.TomcatWebServer - Tomcat initialized with port(s): 8050 (http)
2020-09-01 15:48:44.513 [main] INFO  org.apache.coyote.http11.Http11NioProtocol - Initializing ProtocolHandler ["http-nio-8050"]
2020-09-01 15:48:44.513 [main] INFO  org.apache.catalina.core.StandardService - Starting service [Tomcat]
2020-09-01 15:48:44.513 [main] INFO  org.apache.catalina.core.StandardEngine - Starting Servlet engine: [Apache Tomcat/9.0.37]
2020-09-01 15:48:44.590 [main] INFO  o.a.c.c.C.[Tomcat].[localhost].[/learn] - Initializing Spring embedded WebApplicationContext
2020-09-01 15:48:44.590 [main] INFO  o.s.b.w.s.c.ServletWebServerApplicationContext - Root WebApplicationContext: initialization completed in 1071 ms
2020-09-01 15:48:45.950 [main] INFO  org.springframework.aop.framework.CglibAopProxy - Unable to proxy interface-implementing method [public final void org.springframework.web.filter.GenericFilterBean.init(javax.servlet.FilterConfig) throws javax.servlet.ServletException] because it is marked as final: Consider using interface-based JDK proxies instead!
2020-09-01 15:48:46.323 [main] INFO  o.s.security.web.DefaultSecurityFilterChain - Creating filter chain: any request, [org.springframework.security.web.context.request.async.WebAsyncManagerIntegrationFilter@71567f33, org.springframework.security.web.context.SecurityContextPersistenceFilter@5dcf0772, org.springframework.security.web.header.HeaderWriterFilter@446b64b3, org.springframework.security.web.authentication.logout.LogoutFilter@2cc75b25, org.lsy.learn.security.auth.filter.JwtTokenAuthenticationFilter@23c767e6, org.lsy.learn.security.auth.filter.JwtUserAuthenticationFilter@310a7859, org.springframework.security.web.savedrequest.RequestCacheAwareFilter@5f6494c0, org.springframework.security.web.servletapi.SecurityContextHolderAwareRequestFilter@38c761e9, org.springframework.security.web.authentication.AnonymousAuthenticationFilter@5a7b6b75, org.springframework.security.web.session.SessionManagementFilter@56c0a61e, org.springframework.security.web.access.ExceptionTranslationFilter@57c69937, org.springframework.security.web.access.intercept.FilterSecurityInterceptor@7b8aebd0]
2020-09-01 15:48:46.390 [main] INFO  o.s.scheduling.concurrent.ThreadPoolTaskExecutor - Initializing ExecutorService 'applicationTaskExecutor'
2020-09-01 15:48:46.632 [main] INFO  org.apache.coyote.http11.Http11NioProtocol - Starting ProtocolHandler ["http-nio-8050"]
2020-09-01 15:48:46.649 [main] INFO  o.s.boot.web.embedded.tomcat.TomcatWebServer - Tomcat started on port(s): 8050 (http) with context path '/learn'
2020-09-01 15:48:46.657 [main] INFO  org.lsy.learn.security.SecurityApplication - Started SecurityApplication in 3.6 seconds (JVM running for 4.527)
2020-09-01 15:50:32.237 [SpringContextShutdownHook] INFO  o.s.scheduling.concurrent.ThreadPoolTaskExecutor - Shutting down ExecutorService 'applicationTaskExecutor'
2020-09-01 16:00:12.652 [main] INFO  org.lsy.learn.security.SecurityApplication - Starting SecurityApplication on DESKTOP-VI286HH with PID 14932 (D:\learnProject\security\build\classes\java\main started by 18692 in D:\learnProject\security)
2020-09-01 16:00:12.655 [main] INFO  org.lsy.learn.security.SecurityApplication - No active profile set, falling back to default profiles: default
2020-09-01 16:00:13.197 [main] INFO  o.s.d.r.config.RepositoryConfigurationDelegate - Multiple Spring Data modules found, entering strict repository configuration mode!
2020-09-01 16:00:13.198 [main] INFO  o.s.d.r.config.RepositoryConfigurationDelegate - Bootstrapping Spring Data Redis repositories in DEFAULT mode.
2020-09-01 16:00:13.233 [main] INFO  o.s.d.r.config.RepositoryConfigurationDelegate - Finished Spring Data repository scanning in 22ms. Found 0 Redis repository interfaces.
2020-09-01 16:00:13.456 [main] INFO  o.s.c.s.PostProcessorRegistrationDelegate$BeanPostProcessorChecker - Bean 'org.springframework.security.access.expression.method.DefaultMethodSecurityExpressionHandler@75ae4a1f' of type [org.springframework.security.access.expression.method.DefaultMethodSecurityExpressionHandler] is not eligible for getting processed by all BeanPostProcessors (for example: not eligible for auto-proxying)
2020-09-01 16:00:13.459 [main] INFO  o.s.c.s.PostProcessorRegistrationDelegate$BeanPostProcessorChecker - Bean 'methodSecurityMetadataSource' of type [org.springframework.security.access.method.DelegatingMethodSecurityMetadataSource] is not eligible for getting processed by all BeanPostProcessors (for example: not eligible for auto-proxying)
2020-09-01 16:00:13.645 [main] INFO  o.s.boot.web.embedded.tomcat.TomcatWebServer - Tomcat initialized with port(s): 8050 (http)
2020-09-01 16:00:13.652 [main] INFO  org.apache.coyote.http11.Http11NioProtocol - Initializing ProtocolHandler ["http-nio-8050"]
2020-09-01 16:00:13.653 [main] INFO  org.apache.catalina.core.StandardService - Starting service [Tomcat]
2020-09-01 16:00:13.653 [main] INFO  org.apache.catalina.core.StandardEngine - Starting Servlet engine: [Apache Tomcat/9.0.37]
2020-09-01 16:00:13.729 [main] INFO  o.a.c.c.C.[Tomcat].[localhost].[/learn] - Initializing Spring embedded WebApplicationContext
2020-09-01 16:00:13.729 [main] INFO  o.s.b.w.s.c.ServletWebServerApplicationContext - Root WebApplicationContext: initialization completed in 1035 ms
2020-09-01 16:00:15.082 [main] INFO  org.springframework.aop.framework.CglibAopProxy - Unable to proxy interface-implementing method [public final void org.springframework.web.filter.GenericFilterBean.init(javax.servlet.FilterConfig) throws javax.servlet.ServletException] because it is marked as final: Consider using interface-based JDK proxies instead!
2020-09-01 16:00:15.452 [main] INFO  o.s.security.web.DefaultSecurityFilterChain - Creating filter chain: any request, [org.springframework.security.web.context.request.async.WebAsyncManagerIntegrationFilter@1f949ab9, org.springframework.security.web.context.SecurityContextPersistenceFilter@3a4e524, org.springframework.security.web.header.HeaderWriterFilter@5f6494c0, org.springframework.security.web.authentication.logout.LogoutFilter@221ca495, org.lsy.learn.security.auth.filter.JwtTokenAuthenticationFilter@2efd2f21, org.lsy.learn.security.auth.filter.JwtUserAuthenticationFilter@6f1c3f18, org.springframework.security.web.savedrequest.RequestCacheAwareFilter@2dac2e1b, org.springframework.security.web.servletapi.SecurityContextHolderAwareRequestFilter@50f4b83d, org.springframework.security.web.authentication.AnonymousAuthenticationFilter@3a209918, org.springframework.security.web.session.SessionManagementFilter@4df7d9ee, org.springframework.security.web.access.ExceptionTranslationFilter@5dcf0772, org.springframework.security.web.access.intercept.FilterSecurityInterceptor@1815577b]
2020-09-01 16:00:15.517 [main] INFO  o.s.scheduling.concurrent.ThreadPoolTaskExecutor - Initializing ExecutorService 'applicationTaskExecutor'
2020-09-01 16:00:15.761 [main] INFO  org.apache.coyote.http11.Http11NioProtocol - Starting ProtocolHandler ["http-nio-8050"]
2020-09-01 16:00:15.778 [main] INFO  o.s.boot.web.embedded.tomcat.TomcatWebServer - Tomcat started on port(s): 8050 (http) with context path '/learn'
2020-09-01 16:00:15.786 [main] INFO  org.lsy.learn.security.SecurityApplication - Started SecurityApplication in 3.528 seconds (JVM running for 4.44)
2020-09-01 16:00:48.564 [SpringContextShutdownHook] INFO  o.s.scheduling.concurrent.ThreadPoolTaskExecutor - Shutting down ExecutorService 'applicationTaskExecutor'
2020-09-01 16:00:50.974 [main] INFO  org.lsy.learn.security.SecurityApplication - Starting SecurityApplication on DESKTOP-VI286HH with PID 21404 (D:\learnProject\security\build\classes\java\main started by 18692 in D:\learnProject\security)
2020-09-01 16:00:50.976 [main] INFO  org.lsy.learn.security.SecurityApplication - No active profile set, falling back to default profiles: default
2020-09-01 16:00:51.525 [main] INFO  o.s.d.r.config.RepositoryConfigurationDelegate - Multiple Spring Data modules found, entering strict repository configuration mode!
2020-09-01 16:00:51.527 [main] INFO  o.s.d.r.config.RepositoryConfigurationDelegate - Bootstrapping Spring Data Redis repositories in DEFAULT mode.
2020-09-01 16:00:51.561 [main] INFO  o.s.d.r.config.RepositoryConfigurationDelegate - Finished Spring Data repository scanning in 22ms. Found 0 Redis repository interfaces.
2020-09-01 16:00:51.798 [main] INFO  o.s.c.s.PostProcessorRegistrationDelegate$BeanPostProcessorChecker - Bean 'org.springframework.security.access.expression.method.DefaultMethodSecurityExpressionHandler@3e33d73e' of type [org.springframework.security.access.expression.method.DefaultMethodSecurityExpressionHandler] is not eligible for getting processed by all BeanPostProcessors (for example: not eligible for auto-proxying)
2020-09-01 16:00:51.802 [main] INFO  o.s.c.s.PostProcessorRegistrationDelegate$BeanPostProcessorChecker - Bean 'methodSecurityMetadataSource' of type [org.springframework.security.access.method.DelegatingMethodSecurityMetadataSource] is not eligible for getting processed by all BeanPostProcessors (for example: not eligible for auto-proxying)
2020-09-01 16:00:51.990 [main] INFO  o.s.boot.web.embedded.tomcat.TomcatWebServer - Tomcat initialized with port(s): 8050 (http)
2020-09-01 16:00:51.997 [main] INFO  org.apache.coyote.http11.Http11NioProtocol - Initializing ProtocolHandler ["http-nio-8050"]
2020-09-01 16:00:51.998 [main] INFO  org.apache.catalina.core.StandardService - Starting service [Tomcat]
2020-09-01 16:00:51.998 [main] INFO  org.apache.catalina.core.StandardEngine - Starting Servlet engine: [Apache Tomcat/9.0.37]
2020-09-01 16:00:52.076 [main] INFO  o.a.c.c.C.[Tomcat].[localhost].[/learn] - Initializing Spring embedded WebApplicationContext
2020-09-01 16:00:52.076 [main] INFO  o.s.b.w.s.c.ServletWebServerApplicationContext - Root WebApplicationContext: initialization completed in 1062 ms
2020-09-01 16:00:53.443 [main] INFO  org.springframework.aop.framework.CglibAopProxy - Unable to proxy interface-implementing method [public final void org.springframework.web.filter.GenericFilterBean.init(javax.servlet.FilterConfig) throws javax.servlet.ServletException] because it is marked as final: Consider using interface-based JDK proxies instead!
2020-09-01 16:00:53.811 [main] INFO  o.s.security.web.DefaultSecurityFilterChain - Creating filter chain: any request, [org.springframework.security.web.context.request.async.WebAsyncManagerIntegrationFilter@2f4d01b6, org.springframework.security.web.context.SecurityContextPersistenceFilter@7cc2c551, org.springframework.security.web.header.HeaderWriterFilter@19eea77c, org.springframework.security.web.authentication.logout.LogoutFilter@161d95c6, org.lsy.learn.security.auth.filter.JwtTokenAuthenticationFilter@6b2dd3df, org.lsy.learn.security.auth.filter.JwtUserAuthenticationFilter@1b4872bc, org.springframework.security.web.savedrequest.RequestCacheAwareFilter@23648d2d, org.springframework.security.web.servletapi.SecurityContextHolderAwareRequestFilter@1544ded3, org.springframework.security.web.authentication.AnonymousAuthenticationFilter@661e279d, org.springframework.security.web.session.SessionManagementFilter@ac4915e, org.springframework.security.web.access.ExceptionTranslationFilter@64a1116a, org.springframework.security.web.access.intercept.FilterSecurityInterceptor@532dacf5]
2020-09-01 16:00:53.876 [main] INFO  o.s.scheduling.concurrent.ThreadPoolTaskExecutor - Initializing ExecutorService 'applicationTaskExecutor'
2020-09-01 16:00:54.120 [main] INFO  org.apache.coyote.http11.Http11NioProtocol - Starting ProtocolHandler ["http-nio-8050"]
2020-09-01 16:00:54.137 [main] INFO  o.s.boot.web.embedded.tomcat.TomcatWebServer - Tomcat started on port(s): 8050 (http) with context path '/learn'
2020-09-01 16:00:54.145 [main] INFO  org.lsy.learn.security.SecurityApplication - Started SecurityApplication in 3.568 seconds (JVM running for 4.516)
2020-09-01 16:02:37.785 [SpringContextShutdownHook] INFO  o.s.scheduling.concurrent.ThreadPoolTaskExecutor - Shutting down ExecutorService 'applicationTaskExecutor'
2020-09-01 16:02:41.727 [main] INFO  org.lsy.learn.security.SecurityApplication - Starting SecurityApplication on DESKTOP-VI286HH with PID 16080 (D:\learnProject\security\build\classes\java\main started by 18692 in D:\learnProject\security)
2020-09-01 16:02:41.729 [main] INFO  org.lsy.learn.security.SecurityApplication - No active profile set, falling back to default profiles: default
2020-09-01 16:02:42.263 [main] INFO  o.s.d.r.config.RepositoryConfigurationDelegate - Multiple Spring Data modules found, entering strict repository configuration mode!
2020-09-01 16:02:42.265 [main] INFO  o.s.d.r.config.RepositoryConfigurationDelegate - Bootstrapping Spring Data Redis repositories in DEFAULT mode.
2020-09-01 16:02:42.299 [main] INFO  o.s.d.r.config.RepositoryConfigurationDelegate - Finished Spring Data repository scanning in 22ms. Found 0 Redis repository interfaces.
2020-09-01 16:02:42.521 [main] INFO  o.s.c.s.PostProcessorRegistrationDelegate$BeanPostProcessorChecker - Bean 'org.springframework.security.access.expression.method.DefaultMethodSecurityExpressionHandler@58472096' of type [org.springframework.security.access.expression.method.DefaultMethodSecurityExpressionHandler] is not eligible for getting processed by all BeanPostProcessors (for example: not eligible for auto-proxying)
2020-09-01 16:02:42.525 [main] INFO  o.s.c.s.PostProcessorRegistrationDelegate$BeanPostProcessorChecker - Bean 'methodSecurityMetadataSource' of type [org.springframework.security.access.method.DelegatingMethodSecurityMetadataSource] is not eligible for getting processed by all BeanPostProcessors (for example: not eligible for auto-proxying)
2020-09-01 16:02:42.718 [main] INFO  o.s.boot.web.embedded.tomcat.TomcatWebServer - Tomcat initialized with port(s): 8050 (http)
2020-09-01 16:02:42.725 [main] INFO  org.apache.coyote.http11.Http11NioProtocol - Initializing ProtocolHandler ["http-nio-8050"]
2020-09-01 16:02:42.726 [main] INFO  org.apache.catalina.core.StandardService - Starting service [Tomcat]
2020-09-01 16:02:42.726 [main] INFO  org.apache.catalina.core.StandardEngine - Starting Servlet engine: [Apache Tomcat/9.0.37]
2020-09-01 16:02:42.800 [main] INFO  o.a.c.c.C.[Tomcat].[localhost].[/learn] - Initializing Spring embedded WebApplicationContext
2020-09-01 16:02:42.800 [main] INFO  o.s.b.w.s.c.ServletWebServerApplicationContext - Root WebApplicationContext: initialization completed in 1033 ms
2020-09-01 16:02:44.136 [main] INFO  org.springframework.aop.framework.CglibAopProxy - Unable to proxy interface-implementing method [public final void org.springframework.web.filter.GenericFilterBean.init(javax.servlet.FilterConfig) throws javax.servlet.ServletException] because it is marked as final: Consider using interface-based JDK proxies instead!
2020-09-01 16:02:44.518 [main] INFO  o.s.security.web.DefaultSecurityFilterChain - Creating filter chain: any request, [org.springframework.security.web.context.request.async.WebAsyncManagerIntegrationFilter@5fd8dd66, org.springframework.security.web.context.SecurityContextPersistenceFilter@639c7f9c, org.springframework.security.web.header.HeaderWriterFilter@7b8aebd0, org.springframework.security.web.authentication.logout.LogoutFilter@28e7bb31, org.lsy.learn.security.auth.filter.JwtTokenAuthenticationFilter@40ce9049, org.lsy.learn.security.auth.filter.JwtUserAuthenticationFilter@4315c28c, org.springframework.security.web.savedrequest.RequestCacheAwareFilter@1815577b, org.springframework.security.web.servletapi.SecurityContextHolderAwareRequestFilter@1f949ab9, org.springframework.security.web.authentication.AnonymousAuthenticationFilter@55c50f52, org.springframework.security.web.session.SessionManagementFilter@3181d4de, org.springframework.security.web.access.ExceptionTranslationFilter@147e0734, org.springframework.security.web.access.intercept.FilterSecurityInterceptor@6fb22ae3]
2020-09-01 16:02:44.586 [main] INFO  o.s.scheduling.concurrent.ThreadPoolTaskExecutor - Initializing ExecutorService 'applicationTaskExecutor'
2020-09-01 16:02:44.841 [main] INFO  org.apache.coyote.http11.Http11NioProtocol - Starting ProtocolHandler ["http-nio-8050"]
2020-09-01 16:02:44.859 [main] INFO  o.s.boot.web.embedded.tomcat.TomcatWebServer - Tomcat started on port(s): 8050 (http) with context path '/learn'
2020-09-01 16:02:44.867 [main] INFO  org.lsy.learn.security.SecurityApplication - Started SecurityApplication in 3.527 seconds (JVM running for 4.461)
2020-09-01 16:02:52.474 [http-nio-8050-exec-1] INFO  o.a.c.c.C.[Tomcat].[localhost].[/learn] - Initializing Spring DispatcherServlet 'dispatcherServlet'
2020-09-01 16:02:52.475 [http-nio-8050-exec-1] INFO  org.springframework.web.servlet.DispatcherServlet - Initializing Servlet 'dispatcherServlet'
2020-09-01 16:02:52.481 [http-nio-8050-exec-1] INFO  org.springframework.web.servlet.DispatcherServlet - Completed initialization in 6 ms
2020-09-01 16:02:54.075 [http-nio-8050-exec-1] INFO  com.zaxxer.hikari.HikariDataSource - HikariPool-1 - Starting...
2020-09-01 16:02:54.241 [http-nio-8050-exec-1] INFO  com.zaxxer.hikari.HikariDataSource - HikariPool-1 - Start completed.
2020-09-01 16:07:54.006 [SpringContextShutdownHook] INFO  o.s.scheduling.concurrent.ThreadPoolTaskExecutor - Shutting down ExecutorService 'applicationTaskExecutor'
2020-09-01 16:07:54.138 [SpringContextShutdownHook] INFO  com.zaxxer.hikari.HikariDataSource - HikariPool-1 - Shutdown initiated...
2020-09-01 16:07:54.153 [SpringContextShutdownHook] INFO  com.zaxxer.hikari.HikariDataSource - HikariPool-1 - Shutdown completed.
2020-09-01 16:07:56.502 [main] INFO  org.lsy.learn.security.SecurityApplication - Starting SecurityApplication on DESKTOP-VI286HH with PID 9176 (D:\learnProject\security\build\classes\java\main started by 18692 in D:\learnProject\security)
2020-09-01 16:07:56.504 [main] INFO  org.lsy.learn.security.SecurityApplication - No active profile set, falling back to default profiles: default
2020-09-01 16:07:57.046 [main] INFO  o.s.d.r.config.RepositoryConfigurationDelegate - Multiple Spring Data modules found, entering strict repository configuration mode!
2020-09-01 16:07:57.048 [main] INFO  o.s.d.r.config.RepositoryConfigurationDelegate - Bootstrapping Spring Data Redis repositories in DEFAULT mode.
2020-09-01 16:07:57.082 [main] INFO  o.s.d.r.config.RepositoryConfigurationDelegate - Finished Spring Data repository scanning in 23ms. Found 0 Redis repository interfaces.
2020-09-01 16:07:57.311 [main] INFO  o.s.c.s.PostProcessorRegistrationDelegate$BeanPostProcessorChecker - Bean 'org.springframework.security.access.expression.method.DefaultMethodSecurityExpressionHandler@26c47874' of type [org.springframework.security.access.expression.method.DefaultMethodSecurityExpressionHandler] is not eligible for getting processed by all BeanPostProcessors (for example: not eligible for auto-proxying)
2020-09-01 16:07:57.314 [main] INFO  o.s.c.s.PostProcessorRegistrationDelegate$BeanPostProcessorChecker - Bean 'methodSecurityMetadataSource' of type [org.springframework.security.access.method.DelegatingMethodSecurityMetadataSource] is not eligible for getting processed by all BeanPostProcessors (for example: not eligible for auto-proxying)
2020-09-01 16:07:57.511 [main] INFO  o.s.boot.web.embedded.tomcat.TomcatWebServer - Tomcat initialized with port(s): 8050 (http)
2020-09-01 16:07:57.518 [main] INFO  org.apache.coyote.http11.Http11NioProtocol - Initializing ProtocolHandler ["http-nio-8050"]
2020-09-01 16:07:57.519 [main] INFO  org.apache.catalina.core.StandardService - Starting service [Tomcat]
2020-09-01 16:07:57.519 [main] INFO  org.apache.catalina.core.StandardEngine - Starting Servlet engine: [Apache Tomcat/9.0.37]
2020-09-01 16:07:57.593 [main] INFO  o.a.c.c.C.[Tomcat].[localhost].[/learn] - Initializing Spring embedded WebApplicationContext
2020-09-01 16:07:57.593 [main] INFO  o.s.b.w.s.c.ServletWebServerApplicationContext - Root WebApplicationContext: initialization completed in 1051 ms
2020-09-01 16:07:58.947 [main] INFO  org.springframework.aop.framework.CglibAopProxy - Unable to proxy interface-implementing method [public final void org.springframework.web.filter.GenericFilterBean.init(javax.servlet.FilterConfig) throws javax.servlet.ServletException] because it is marked as final: Consider using interface-based JDK proxies instead!
2020-09-01 16:07:59.333 [main] INFO  o.s.security.web.DefaultSecurityFilterChain - Creating filter chain: any request, [org.springframework.security.web.context.request.async.WebAsyncManagerIntegrationFilter@47a3d56a, org.springframework.security.web.context.SecurityContextPersistenceFilter@33de7f3d, org.springframework.security.web.header.HeaderWriterFilter@2dac2e1b, org.springframework.security.web.authentication.logout.LogoutFilter@401788d5, org.lsy.learn.security.auth.filter.JwtTokenAuthenticationFilter@5ef85555, org.lsy.learn.security.auth.filter.JwtUserAuthenticationFilter@3c25cfe1, org.springframework.security.web.savedrequest.RequestCacheAwareFilter@5d66ae3a, org.springframework.security.web.servletapi.SecurityContextHolderAwareRequestFilter@6682e6a5, org.springframework.security.web.authentication.AnonymousAuthenticationFilter@6d31f106, org.springframework.security.web.session.SessionManagementFilter@1cee2e10, org.springframework.security.web.access.ExceptionTranslationFilter@3a4e524, org.springframework.security.web.access.intercept.FilterSecurityInterceptor@987a0bb]
2020-09-01 16:07:59.404 [main] INFO  o.s.scheduling.concurrent.ThreadPoolTaskExecutor - Initializing ExecutorService 'applicationTaskExecutor'
2020-09-01 16:07:59.653 [main] INFO  org.apache.coyote.http11.Http11NioProtocol - Starting ProtocolHandler ["http-nio-8050"]
2020-09-01 16:07:59.671 [main] INFO  o.s.boot.web.embedded.tomcat.TomcatWebServer - Tomcat started on port(s): 8050 (http) with context path '/learn'
2020-09-01 16:07:59.679 [main] INFO  org.lsy.learn.security.SecurityApplication - Started SecurityApplication in 3.573 seconds (JVM running for 4.493)
2020-09-01 16:08:03.802 [http-nio-8050-exec-1] INFO  o.a.c.c.C.[Tomcat].[localhost].[/learn] - Initializing Spring DispatcherServlet 'dispatcherServlet'
2020-09-01 16:08:03.802 [http-nio-8050-exec-1] INFO  org.springframework.web.servlet.DispatcherServlet - Initializing Servlet 'dispatcherServlet'
2020-09-01 16:08:03.809 [http-nio-8050-exec-1] INFO  org.springframework.web.servlet.DispatcherServlet - Completed initialization in 7 ms
2020-09-01 16:08:05.476 [http-nio-8050-exec-1] INFO  com.zaxxer.hikari.HikariDataSource - HikariPool-1 - Starting...
2020-09-01 16:08:05.637 [http-nio-8050-exec-1] INFO  com.zaxxer.hikari.HikariDataSource - HikariPool-1 - Start completed.
2020-09-01 16:09:12.701 [SpringContextShutdownHook] INFO  o.s.scheduling.concurrent.ThreadPoolTaskExecutor - Shutting down ExecutorService 'applicationTaskExecutor'
2020-09-01 16:09:12.914 [SpringContextShutdownHook] INFO  com.zaxxer.hikari.HikariDataSource - HikariPool-1 - Shutdown initiated...
2020-09-01 16:09:12.922 [SpringContextShutdownHook] INFO  com.zaxxer.hikari.HikariDataSource - HikariPool-1 - Shutdown completed.
2020-09-01 16:09:15.982 [main] INFO  org.lsy.learn.security.SecurityApplication - Starting SecurityApplication on DESKTOP-VI286HH with PID 13204 (D:\learnProject\security\build\classes\java\main started by 18692 in D:\learnProject\security)
2020-09-01 16:09:15.984 [main] INFO  org.lsy.learn.security.SecurityApplication - No active profile set, falling back to default profiles: default
2020-09-01 16:09:16.526 [main] INFO  o.s.d.r.config.RepositoryConfigurationDelegate - Multiple Spring Data modules found, entering strict repository configuration mode!
2020-09-01 16:09:16.528 [main] INFO  o.s.d.r.config.RepositoryConfigurationDelegate - Bootstrapping Spring Data Redis repositories in DEFAULT mode.
2020-09-01 16:09:16.562 [main] INFO  o.s.d.r.config.RepositoryConfigurationDelegate - Finished Spring Data repository scanning in 23ms. Found 0 Redis repository interfaces.
2020-09-01 16:09:16.786 [main] INFO  o.s.c.s.PostProcessorRegistrationDelegate$BeanPostProcessorChecker - Bean 'org.springframework.security.access.expression.method.DefaultMethodSecurityExpressionHandler@9596ce8' of type [org.springframework.security.access.expression.method.DefaultMethodSecurityExpressionHandler] is not eligible for getting processed by all BeanPostProcessors (for example: not eligible for auto-proxying)
2020-09-01 16:09:16.790 [main] INFO  o.s.c.s.PostProcessorRegistrationDelegate$BeanPostProcessorChecker - Bean 'methodSecurityMetadataSource' of type [org.springframework.security.access.method.DelegatingMethodSecurityMetadataSource] is not eligible for getting processed by all BeanPostProcessors (for example: not eligible for auto-proxying)
2020-09-01 16:09:16.981 [main] INFO  o.s.boot.web.embedded.tomcat.TomcatWebServer - Tomcat initialized with port(s): 8050 (http)
2020-09-01 16:09:16.989 [main] INFO  org.apache.coyote.http11.Http11NioProtocol - Initializing ProtocolHandler ["http-nio-8050"]
2020-09-01 16:09:16.989 [main] INFO  org.apache.catalina.core.StandardService - Starting service [Tomcat]
2020-09-01 16:09:16.990 [main] INFO  org.apache.catalina.core.StandardEngine - Starting Servlet engine: [Apache Tomcat/9.0.37]
2020-09-01 16:09:17.065 [main] INFO  o.a.c.c.C.[Tomcat].[localhost].[/learn] - Initializing Spring embedded WebApplicationContext
2020-09-01 16:09:17.065 [main] INFO  o.s.b.w.s.c.ServletWebServerApplicationContext - Root WebApplicationContext: initialization completed in 1041 ms
2020-09-01 16:09:18.434 [main] INFO  org.springframework.aop.framework.CglibAopProxy - Unable to proxy interface-implementing method [public final void org.springframework.web.filter.GenericFilterBean.init(javax.servlet.FilterConfig) throws javax.servlet.ServletException] because it is marked as final: Consider using interface-based JDK proxies instead!
2020-09-01 16:09:18.811 [main] INFO  o.s.security.web.DefaultSecurityFilterChain - Creating filter chain: any request, [org.springframework.security.web.context.request.async.WebAsyncManagerIntegrationFilter@71567f33, org.springframework.security.web.context.SecurityContextPersistenceFilter@5dcf0772, org.springframework.security.web.header.HeaderWriterFilter@446b64b3, org.springframework.security.web.authentication.logout.LogoutFilter@2cc75b25, org.lsy.learn.security.auth.filter.JwtTokenAuthenticationFilter@316cda31, org.lsy.learn.security.auth.filter.JwtUserAuthenticationFilter@489bc8fd, org.springframework.security.web.savedrequest.RequestCacheAwareFilter@5f6494c0, org.springframework.security.web.servletapi.SecurityContextHolderAwareRequestFilter@38c761e9, org.springframework.security.web.authentication.AnonymousAuthenticationFilter@5a7b6b75, org.springframework.security.web.session.SessionManagementFilter@56c0a61e, org.springframework.security.web.access.ExceptionTranslationFilter@57c69937, org.springframework.security.web.access.intercept.FilterSecurityInterceptor@7b8aebd0]
2020-09-01 16:09:18.879 [main] INFO  o.s.scheduling.concurrent.ThreadPoolTaskExecutor - Initializing ExecutorService 'applicationTaskExecutor'
2020-09-01 16:09:19.126 [main] INFO  org.apache.coyote.http11.Http11NioProtocol - Starting ProtocolHandler ["http-nio-8050"]
2020-09-01 16:09:19.143 [main] INFO  o.s.boot.web.embedded.tomcat.TomcatWebServer - Tomcat started on port(s): 8050 (http) with context path '/learn'
2020-09-01 16:09:19.151 [main] INFO  org.lsy.learn.security.SecurityApplication - Started SecurityApplication in 3.559 seconds (JVM running for 4.481)
2020-09-01 16:09:30.224 [http-nio-8050-exec-2] INFO  o.a.c.c.C.[Tomcat].[localhost].[/learn] - Initializing Spring DispatcherServlet 'dispatcherServlet'
2020-09-01 16:09:30.225 [http-nio-8050-exec-2] INFO  org.springframework.web.servlet.DispatcherServlet - Initializing Servlet 'dispatcherServlet'
2020-09-01 16:09:30.231 [http-nio-8050-exec-2] INFO  org.springframework.web.servlet.DispatcherServlet - Completed initialization in 6 ms
2020-09-01 16:09:37.733 [http-nio-8050-exec-3] INFO  com.zaxxer.hikari.HikariDataSource - HikariPool-1 - Starting...
2020-09-01 16:09:37.904 [http-nio-8050-exec-3] INFO  com.zaxxer.hikari.HikariDataSource - HikariPool-1 - Start completed.
2020-09-01 16:11:45.191 [SpringContextShutdownHook] INFO  o.s.scheduling.concurrent.ThreadPoolTaskExecutor - Shutting down ExecutorService 'applicationTaskExecutor'
2020-09-01 16:11:45.307 [SpringContextShutdownHook] INFO  com.zaxxer.hikari.HikariDataSource - HikariPool-1 - Shutdown initiated...
2020-09-01 16:11:45.314 [SpringContextShutdownHook] INFO  com.zaxxer.hikari.HikariDataSource - HikariPool-1 - Shutdown completed.
2020-09-01 16:11:47.728 [main] INFO  org.lsy.learn.security.SecurityApplication - Starting SecurityApplication on DESKTOP-VI286HH with PID 18736 (D:\learnProject\security\build\classes\java\main started by 18692 in D:\learnProject\security)
2020-09-01 16:11:47.730 [main] INFO  org.lsy.learn.security.SecurityApplication - No active profile set, falling back to default profiles: default
2020-09-01 16:11:48.274 [main] INFO  o.s.d.r.config.RepositoryConfigurationDelegate - Multiple Spring Data modules found, entering strict repository configuration mode!
2020-09-01 16:11:48.276 [main] INFO  o.s.d.r.config.RepositoryConfigurationDelegate - Bootstrapping Spring Data Redis repositories in DEFAULT mode.
2020-09-01 16:11:48.311 [main] INFO  o.s.d.r.config.RepositoryConfigurationDelegate - Finished Spring Data repository scanning in 23ms. Found 0 Redis repository interfaces.
2020-09-01 16:11:48.541 [main] INFO  o.s.c.s.PostProcessorRegistrationDelegate$BeanPostProcessorChecker - Bean 'org.springframework.security.access.expression.method.DefaultMethodSecurityExpressionHandler@227a47' of type [org.springframework.security.access.expression.method.DefaultMethodSecurityExpressionHandler] is not eligible for getting processed by all BeanPostProcessors (for example: not eligible for auto-proxying)
2020-09-01 16:11:48.545 [main] INFO  o.s.c.s.PostProcessorRegistrationDelegate$BeanPostProcessorChecker - Bean 'methodSecurityMetadataSource' of type [org.springframework.security.access.method.DelegatingMethodSecurityMetadataSource] is not eligible for getting processed by all BeanPostProcessors (for example: not eligible for auto-proxying)
2020-09-01 16:11:48.736 [main] INFO  o.s.boot.web.embedded.tomcat.TomcatWebServer - Tomcat initialized with port(s): 8050 (http)
2020-09-01 16:11:48.744 [main] INFO  org.apache.coyote.http11.Http11NioProtocol - Initializing ProtocolHandler ["http-nio-8050"]
2020-09-01 16:11:48.745 [main] INFO  org.apache.catalina.core.StandardService - Starting service [Tomcat]
2020-09-01 16:11:48.745 [main] INFO  org.apache.catalina.core.StandardEngine - Starting Servlet engine: [Apache Tomcat/9.0.37]
2020-09-01 16:11:48.819 [main] INFO  o.a.c.c.C.[Tomcat].[localhost].[/learn] - Initializing Spring embedded WebApplicationContext
2020-09-01 16:11:48.820 [main] INFO  o.s.b.w.s.c.ServletWebServerApplicationContext - Root WebApplicationContext: initialization completed in 1051 ms
2020-09-01 16:11:50.196 [main] INFO  org.springframework.aop.framework.CglibAopProxy - Unable to proxy interface-implementing method [public final void org.springframework.web.filter.GenericFilterBean.init(javax.servlet.FilterConfig) throws javax.servlet.ServletException] because it is marked as final: Consider using interface-based JDK proxies instead!
2020-09-01 16:11:50.573 [main] INFO  o.s.security.web.DefaultSecurityFilterChain - Creating filter chain: any request, [org.springframework.security.web.context.request.async.WebAsyncManagerIntegrationFilter@3cf55e0c, org.springframework.security.web.context.SecurityContextPersistenceFilter@5f6494c0, org.springframework.security.web.header.HeaderWriterFilter@56c0a61e, org.springframework.security.web.authentication.logout.LogoutFilter@537b3b2e, org.lsy.learn.security.auth.filter.JwtTokenAuthenticationFilter@7e7743ec, org.lsy.learn.security.auth.filter.JwtUserAuthenticationFilter@52831a73, org.springframework.security.web.savedrequest.RequestCacheAwareFilter@4df7d9ee, org.springframework.security.web.servletapi.SecurityContextHolderAwareRequestFilter@7f4e5a39, org.springframework.security.web.authentication.AnonymousAuthenticationFilter@3afca2c, org.springframework.security.web.session.SessionManagementFilter@5dcf0772, org.springframework.security.web.access.ExceptionTranslationFilter@446b64b3, org.springframework.security.web.access.intercept.FilterSecurityInterceptor@3181d4de]
2020-09-01 16:11:50.639 [main] INFO  o.s.scheduling.concurrent.ThreadPoolTaskExecutor - Initializing ExecutorService 'applicationTaskExecutor'
2020-09-01 16:11:50.881 [main] INFO  org.apache.coyote.http11.Http11NioProtocol - Starting ProtocolHandler ["http-nio-8050"]
2020-09-01 16:11:50.898 [main] INFO  o.s.boot.web.embedded.tomcat.TomcatWebServer - Tomcat started on port(s): 8050 (http) with context path '/learn'
2020-09-01 16:11:50.906 [main] INFO  org.lsy.learn.security.SecurityApplication - Started SecurityApplication in 3.571 seconds (JVM running for 4.564)
2020-09-01 16:11:55.072 [http-nio-8050-exec-2] INFO  o.a.c.c.C.[Tomcat].[localhost].[/learn] - Initializing Spring DispatcherServlet 'dispatcherServlet'
2020-09-01 16:11:55.073 [http-nio-8050-exec-2] INFO  org.springframework.web.servlet.DispatcherServlet - Initializing Servlet 'dispatcherServlet'
2020-09-01 16:11:55.079 [http-nio-8050-exec-2] INFO  org.springframework.web.servlet.DispatcherServlet - Completed initialization in 6 ms
2020-09-01 16:11:56.750 [http-nio-8050-exec-2] INFO  com.zaxxer.hikari.HikariDataSource - HikariPool-1 - Starting...
2020-09-01 16:11:56.977 [http-nio-8050-exec-2] INFO  com.zaxxer.hikari.HikariDataSource - HikariPool-1 - Start completed.
2020-09-01 16:23:05.602 [SpringContextShutdownHook] INFO  o.s.scheduling.concurrent.ThreadPoolTaskExecutor - Shutting down ExecutorService 'applicationTaskExecutor'
2020-09-01 16:23:05.722 [SpringContextShutdownHook] INFO  com.zaxxer.hikari.HikariDataSource - HikariPool-1 - Shutdown initiated...
2020-09-01 16:23:05.729 [SpringContextShutdownHook] INFO  com.zaxxer.hikari.HikariDataSource - HikariPool-1 - Shutdown completed.
2020-09-01 16:23:09.442 [main] INFO  org.lsy.learn.security.SecurityApplication - Starting SecurityApplication on DESKTOP-VI286HH with PID 12008 (D:\learnProject\security\build\classes\java\main started by 18692 in D:\learnProject\security)
2020-09-01 16:23:09.444 [main] INFO  org.lsy.learn.security.SecurityApplication - No active profile set, falling back to default profiles: default
2020-09-01 16:23:09.990 [main] INFO  o.s.d.r.config.RepositoryConfigurationDelegate - Multiple Spring Data modules found, entering strict repository configuration mode!
2020-09-01 16:23:09.992 [main] INFO  o.s.d.r.config.RepositoryConfigurationDelegate - Bootstrapping Spring Data Redis repositories in DEFAULT mode.
2020-09-01 16:23:10.027 [main] INFO  o.s.d.r.config.RepositoryConfigurationDelegate - Finished Spring Data repository scanning in 23ms. Found 0 Redis repository interfaces.
2020-09-01 16:23:10.251 [main] INFO  o.s.c.s.PostProcessorRegistrationDelegate$BeanPostProcessorChecker - Bean 'org.springframework.security.access.expression.method.DefaultMethodSecurityExpressionHandler@6e0c6a7a' of type [org.springframework.security.access.expression.method.DefaultMethodSecurityExpressionHandler] is not eligible for getting processed by all BeanPostProcessors (for example: not eligible for auto-proxying)
2020-09-01 16:23:10.255 [main] INFO  o.s.c.s.PostProcessorRegistrationDelegate$BeanPostProcessorChecker - Bean 'methodSecurityMetadataSource' of type [org.springframework.security.access.method.DelegatingMethodSecurityMetadataSource] is not eligible for getting processed by all BeanPostProcessors (for example: not eligible for auto-proxying)
2020-09-01 16:23:10.447 [main] INFO  o.s.boot.web.embedded.tomcat.TomcatWebServer - Tomcat initialized with port(s): 8050 (http)
2020-09-01 16:23:10.455 [main] INFO  org.apache.coyote.http11.Http11NioProtocol - Initializing ProtocolHandler ["http-nio-8050"]
2020-09-01 16:23:10.456 [main] INFO  org.apache.catalina.core.StandardService - Starting service [Tomcat]
2020-09-01 16:23:10.456 [main] INFO  org.apache.catalina.core.StandardEngine - Starting Servlet engine: [Apache Tomcat/9.0.37]
2020-09-01 16:23:10.532 [main] INFO  o.a.c.c.C.[Tomcat].[localhost].[/learn] - Initializing Spring embedded WebApplicationContext
2020-09-01 16:23:10.532 [main] INFO  o.s.b.w.s.c.ServletWebServerApplicationContext - Root WebApplicationContext: initialization completed in 1049 ms
2020-09-01 16:23:11.899 [main] INFO  org.springframework.aop.framework.CglibAopProxy - Unable to proxy interface-implementing method [public final void org.springframework.web.filter.GenericFilterBean.init(javax.servlet.FilterConfig) throws javax.servlet.ServletException] because it is marked as final: Consider using interface-based JDK proxies instead!
2020-09-01 16:23:18.961 [main] INFO  o.s.security.web.DefaultSecurityFilterChain - Creating filter chain: any request, [org.springframework.security.web.context.request.async.WebAsyncManagerIntegrationFilter@1a497286, org.springframework.security.web.context.SecurityContextPersistenceFilter@6d7b001b, org.springframework.security.web.header.HeaderWriterFilter@47a3d56a, org.springframework.security.web.authentication.logout.LogoutFilter@4357524b, org.lsy.learn.security.auth.filter.JwtTokenAuthenticationFilter@697d6ded, org.lsy.learn.security.auth.filter.JwtUserAuthenticationFilter@5e7abaf7, org.springframework.security.web.savedrequest.RequestCacheAwareFilter@da09250, org.springframework.security.web.servletapi.SecurityContextHolderAwareRequestFilter@112c2930, org.springframework.security.web.authentication.AnonymousAuthenticationFilter@aa752bb, org.springframework.security.web.session.SessionManagementFilter@2cae5fa7, org.springframework.security.web.access.ExceptionTranslationFilter@3855d9b2, org.springframework.security.web.access.intercept.FilterSecurityInterceptor@7c901203]
2020-09-01 16:23:19.037 [main] INFO  o.s.scheduling.concurrent.ThreadPoolTaskExecutor - Initializing ExecutorService 'applicationTaskExecutor'
2020-09-01 16:23:19.302 [main] INFO  org.apache.coyote.http11.Http11NioProtocol - Starting ProtocolHandler ["http-nio-8050"]
2020-09-01 16:23:19.320 [main] INFO  o.s.boot.web.embedded.tomcat.TomcatWebServer - Tomcat started on port(s): 8050 (http) with context path '/learn'
2020-09-01 16:23:19.328 [main] INFO  org.lsy.learn.security.SecurityApplication - Started SecurityApplication in 10.271 seconds (JVM running for 11.218)
2020-09-01 16:23:26.314 [http-nio-8050-exec-3] INFO  o.a.c.c.C.[Tomcat].[localhost].[/learn] - Initializing Spring DispatcherServlet 'dispatcherServlet'
2020-09-01 16:23:26.314 [http-nio-8050-exec-3] INFO  org.springframework.web.servlet.DispatcherServlet - Initializing Servlet 'dispatcherServlet'
2020-09-01 16:23:26.321 [http-nio-8050-exec-3] INFO  org.springframework.web.servlet.DispatcherServlet - Completed initialization in 7 ms
2020-09-01 16:23:26.336 [http-nio-8050-exec-3] INFO  o.l.l.s.auth.filter.JwtTokenAuthenticationFilter - tokenFilter
2020-09-01 16:23:39.357 [http-nio-8050-exec-3] INFO  o.l.l.s.auth.filter.JwtUserAuthenticationFilter - UserFilter
2020-09-01 16:23:52.885 [http-nio-8050-exec-3] INFO  o.l.l.s.auth.service.JwtUserAuthenticationProvider - Provider
2020-09-01 16:24:09.283 [http-nio-8050-exec-3] INFO  com.zaxxer.hikari.HikariDataSource - HikariPool-1 - Starting...
2020-09-01 16:24:09.894 [http-nio-8050-exec-3] INFO  com.zaxxer.hikari.HikariDataSource - HikariPool-1 - Start completed.
2020-09-01 16:32:18.211 [http-nio-8050-exec-5] INFO  o.l.l.s.auth.filter.JwtTokenAuthenticationFilter - tokenFilter
2020-09-01 16:32:28.175 [http-nio-8050-exec-6] INFO  o.l.l.s.auth.filter.JwtTokenAuthenticationFilter - tokenFilter
2020-09-01 16:35:47.215 [SpringContextShutdownHook] INFO  o.s.scheduling.concurrent.ThreadPoolTaskExecutor - Shutting down ExecutorService 'applicationTaskExecutor'
2020-09-01 16:35:47.347 [SpringContextShutdownHook] INFO  com.zaxxer.hikari.HikariDataSource - HikariPool-1 - Shutdown initiated...
2020-09-01 16:35:47.364 [SpringContextShutdownHook] INFO  com.zaxxer.hikari.HikariDataSource - HikariPool-1 - Shutdown completed.
